/home/u2120220582/anaconda3/envs/strip_pretrain/lib/python3.9/site-packages/torch/distributed/launch.py:178: FutureWarning: The module torch.distributed.launch is deprecated
and will be removed in future. Use torchrun.
Note that --use_env is set by default in torchrun.
If your script expects `--local_rank` argument to be set, please
change it to read from `os.environ['LOCAL_RANK']` instead. See 
https://pytorch.org/docs/stable/distributed.html#launch-utility for 
further instructions

  warnings.warn(
WARNING:torch.distributed.run:
*****************************************
Setting OMP_NUM_THREADS environment variable for each process to be 1 in default, to avoid your system being overloaded, please further tune the variable for optimal performance in your application as needed. 
*****************************************
/home/u2120220582/anaconda3/envs/strip_pretrain/bin/python: can't open file '/home/u2120220582/project/pytorch-image-models/torchrun': [Errno 2] No such file or directory
/home/u2120220582/anaconda3/envs/strip_pretrain/bin/python: can't open file '/home/u2120220582/project/pytorch-image-models/torchrun': [Errno 2] No such file or directory
/home/u2120220582/anaconda3/envs/strip_pretrain/bin/python: can't open file '/home/u2120220582/project/pytorch-image-models/torchrun': [Errno 2] No such file or directory
/home/u2120220582/anaconda3/envs/strip_pretrain/bin/python: can't open file '/home/u2120220582/project/pytorch-image-models/torchrun': [Errno 2] No such file or directory
/home/u2120220582/anaconda3/envs/strip_pretrain/bin/python: can't open file '/home/u2120220582/project/pytorch-image-models/torchrun': [Errno 2] No such file or directory
/home/u2120220582/anaconda3/envs/strip_pretrain/bin/python: can't open file '/home/u2120220582/project/pytorch-image-models/torchrun': [Errno 2] No such file or directory
/home/u2120220582/anaconda3/envs/strip_pretrain/bin/python: can't open file '/home/u2120220582/project/pytorch-image-models/torchrun': [Errno 2] No such file or directory
/home/u2120220582/anaconda3/envs/strip_pretrain/bin/python: can't open file '/home/u2120220582/project/pytorch-image-models/torchrun': [Errno 2] No such file or directory
ERROR:torch.distributed.elastic.multiprocessing.api:failed (exitcode: 2) local_rank: 0 (pid: 52333) of binary: /home/u2120220582/anaconda3/envs/strip_pretrain/bin/python
Traceback (most recent call last):
  File "/home/u2120220582/anaconda3/envs/strip_pretrain/lib/python3.9/runpy.py", line 197, in _run_module_as_main
    return _run_code(code, main_globals, None,
  File "/home/u2120220582/anaconda3/envs/strip_pretrain/lib/python3.9/runpy.py", line 87, in _run_code
    exec(code, run_globals)
  File "/home/u2120220582/anaconda3/envs/strip_pretrain/lib/python3.9/site-packages/torch/distributed/launch.py", line 193, in <module>
    main()
  File "/home/u2120220582/anaconda3/envs/strip_pretrain/lib/python3.9/site-packages/torch/distributed/launch.py", line 189, in main
    launch(args)
  File "/home/u2120220582/anaconda3/envs/strip_pretrain/lib/python3.9/site-packages/torch/distributed/launch.py", line 174, in launch
    run(args)
  File "/home/u2120220582/anaconda3/envs/strip_pretrain/lib/python3.9/site-packages/torch/distributed/run.py", line 752, in run
    elastic_launch(
  File "/home/u2120220582/anaconda3/envs/strip_pretrain/lib/python3.9/site-packages/torch/distributed/launcher/api.py", line 131, in __call__
    return launch_agent(self._config, self._entrypoint, list(args))
  File "/home/u2120220582/anaconda3/envs/strip_pretrain/lib/python3.9/site-packages/torch/distributed/launcher/api.py", line 245, in launch_agent
    raise ChildFailedError(
torch.distributed.elastic.multiprocessing.errors.ChildFailedError: 
============================================================
torchrun FAILED
------------------------------------------------------------
Failures:
[1]:
  time      : 2026-03-17_01:30:39
  host      : gpu7.example.com
  rank      : 1 (local_rank: 1)
  exitcode  : 2 (pid: 52334)
  error_file: <N/A>
  traceback : To enable traceback see: https://pytorch.org/docs/stable/elastic/errors.html
[2]:
  time      : 2026-03-17_01:30:39
  host      : gpu7.example.com
  rank      : 2 (local_rank: 2)
  exitcode  : 2 (pid: 52335)
  error_file: <N/A>
  traceback : To enable traceback see: https://pytorch.org/docs/stable/elastic/errors.html
[3]:
  time      : 2026-03-17_01:30:39
  host      : gpu7.example.com
  rank      : 3 (local_rank: 3)
  exitcode  : 2 (pid: 52336)
  error_file: <N/A>
  traceback : To enable traceback see: https://pytorch.org/docs/stable/elastic/errors.html
[4]:
  time      : 2026-03-17_01:30:39
  host      : gpu7.example.com
  rank      : 4 (local_rank: 4)
  exitcode  : 2 (pid: 52337)
  error_file: <N/A>
  traceback : To enable traceback see: https://pytorch.org/docs/stable/elastic/errors.html
[5]:
  time      : 2026-03-17_01:30:39
  host      : gpu7.example.com
  rank      : 5 (local_rank: 5)
  exitcode  : 2 (pid: 52338)
  error_file: <N/A>
  traceback : To enable traceback see: https://pytorch.org/docs/stable/elastic/errors.html
[6]:
  time      : 2026-03-17_01:30:39
  host      : gpu7.example.com
  rank      : 6 (local_rank: 6)
  exitcode  : 2 (pid: 52339)
  error_file: <N/A>
  traceback : To enable traceback see: https://pytorch.org/docs/stable/elastic/errors.html
[7]:
  time      : 2026-03-17_01:30:39
  host      : gpu7.example.com
  rank      : 7 (local_rank: 7)
  exitcode  : 2 (pid: 52340)
  error_file: <N/A>
  traceback : To enable traceback see: https://pytorch.org/docs/stable/elastic/errors.html
------------------------------------------------------------
Root Cause (first observed failure):
[0]:
  time      : 2026-03-17_01:30:39
  host      : gpu7.example.com
  rank      : 0 (local_rank: 0)
  exitcode  : 2 (pid: 52333)
  error_file: <N/A>
  traceback : To enable traceback see: https://pytorch.org/docs/stable/elastic/errors.html
============================================================
